0 info it worked if it ends with ok
1 verbose cli [ '/usr/local/bin/node', '/usr/local/bin/npm', 'publish' ]
2 info using npm@3.10.6
3 info using node@v6.2.2
4 verbose publish [ '.' ]
5 silly cache add args [ '.', null ]
6 verbose cache add spec .
7 silly cache add parsed spec Result {
7 silly cache add   raw: '.',
7 silly cache add   scope: null,
7 silly cache add   escapedName: null,
7 silly cache add   name: null,
7 silly cache add   rawSpec: '.',
7 silly cache add   spec: '/Users/ablosser/Sites/Work/react-widget-starter',
7 silly cache add   type: 'directory' }
8 verbose addLocalDirectory /Users/ablosser/.npm/react-widget-starter/0.1.1/package.tgz not in flight; packing
9 verbose correctMkdir /Users/ablosser/.npm correctMkdir not in flight; initializing
10 info lifecycle react-widget-starter@0.1.1~prepublish: react-widget-starter@0.1.1
11 silly lifecycle react-widget-starter@0.1.1~prepublish: no script for prepublish, continuing
12 verbose tar pack [ '/Users/ablosser/.npm/react-widget-starter/0.1.1/package.tgz',
12 verbose tar pack   '/Users/ablosser/Sites/Work/react-widget-starter' ]
13 verbose tarball /Users/ablosser/.npm/react-widget-starter/0.1.1/package.tgz
14 verbose folder /Users/ablosser/Sites/Work/react-widget-starter
15 verbose addLocalTarball adding from inside cache /Users/ablosser/.npm/react-widget-starter/0.1.1/package.tgz
16 verbose correctMkdir /Users/ablosser/.npm correctMkdir not in flight; initializing
17 silly cache afterAdd react-widget-starter@0.1.1
18 verbose afterAdd /Users/ablosser/.npm/react-widget-starter/0.1.1/package/package.json not in flight; writing
19 verbose correctMkdir /Users/ablosser/.npm correctMkdir not in flight; initializing
20 verbose afterAdd /Users/ablosser/.npm/react-widget-starter/0.1.1/package/package.json written
21 silly publish { name: 'react-widget-starter',
21 silly publish   version: '0.1.1',
21 silly publish   description: 'React starter kit focused on making widges for embedding into already existing websites and CMS platforms such as Drupal, Wordpress, etc...',
21 silly publish   main: './src/index.js',
21 silly publish   scripts:
21 silly publish    { test: 'echo "Error: no test specified" && exit 1',
21 silly publish      build: 'NODE_ENV=production webpack --define process.env.NODE_ENV="\'production\'"',
21 silly publish      dev: 'NODE_ENV=development node dev-server.js',
21 silly publish      storybook: 'start-storybook -p 6006',
21 silly publish      'build-storybook': 'build-storybook' },
21 silly publish   author: '',
21 silly publish   license: 'ISC',
21 silly publish   devDependencies:
21 silly publish    { '@kadira/storybook': '^2.21.0',
21 silly publish      'babel-cli': '^6.18.0',
21 silly publish      'babel-core': '^6.21.0',
21 silly publish      'babel-loader': '^6.2.10',
21 silly publish      'babel-plugin-transform-decorators': '^6.22.0',
21 silly publish      'babel-plugin-transform-decorators-legacy': '^1.3.4',
21 silly publish      'babel-preset-es2015': '^6.18.0',
21 silly publish      'babel-preset-react': '^6.16.0',
21 silly publish      'babel-preset-stage-0': '^6.16.0',
21 silly publish      'babel-preset-stage-2': '^6.18.0',
21 silly publish      'css-loader': '^0.26.1',
21 silly publish      'file-loader': '^0.9.0',
21 silly publish      'node-sass': '^4.3.0',
21 silly publish      'react-hot-loader': '^3.0.0-beta.6',
21 silly publish      'redux-logger': '^2.8.1',
21 silly publish      'resolve-url-loader': '^1.6.1',
21 silly publish      rimraf: '^2.5.4',
21 silly publish      'sass-loader': '^4.1.1',
21 silly publish      'style-loader': '^0.13.1',
21 silly publish      'url-loader': '^0.5.7',
21 silly publish      webpack: '^2.2.0',
21 silly publish      'webpack-dev-server': '^2.2.0' },
21 silly publish   dependencies:
21 silly publish    { axios: '^0.15.3',
21 silly publish      aphrodite: '^1.1.0',
21 silly publish      'css-loader': '^0.26.1',
21 silly publish      'extract-text-webpack-plugin': '^1.0.1',
21 silly publish      'file-loader': '^0.9.0',
21 silly publish      bulma: '^0.3.1',
21 silly publish      react: '^15.4.2',
21 silly publish      'react-magic': '^0.2.2',
21 silly publish      'react-css-modules': '^4.1.0',
21 silly publish      'react-dom': '^15.4.2',
21 silly publish      'react-redux': '^5.0.2',
21 silly publish      redux: '^3.6.0',
21 silly publish      'redux-logger': '^2.8.1',
21 silly publish      'redux-promise-middleware': '^4.2.0',
21 silly publish      'redux-thunk': '^2.2.0' },
21 silly publish   repository:
21 silly publish    { type: 'git',
21 silly publish      url: 'git://github.com/anakinjay/react-widget-starter.git' },
21 silly publish   gitHead: 'c31d17cebbbd2b8a5cac37623caaf21d11e589fc',
21 silly publish   bugs: { url: 'https://github.com/anakinjay/react-widget-starter/issues' },
21 silly publish   readme: 'ERROR: No README data found!',
21 silly publish   homepage: 'https://github.com/anakinjay/react-widget-starter#readme',
21 silly publish   _id: 'react-widget-starter@0.1.1',
21 silly publish   _shasum: 'ac17e7b2ef681f49044b2118a910b5236fe97978',
21 silly publish   _from: '.' }
22 verbose getPublishConfig undefined
23 silly mapToRegistry name react-widget-starter
24 silly mapToRegistry using default registry
25 silly mapToRegistry registry https://registry.npmjs.org/
26 silly mapToRegistry data Result {
26 silly mapToRegistry   raw: 'react-widget-starter',
26 silly mapToRegistry   scope: null,
26 silly mapToRegistry   escapedName: 'react-widget-starter',
26 silly mapToRegistry   name: 'react-widget-starter',
26 silly mapToRegistry   rawSpec: '',
26 silly mapToRegistry   spec: 'latest',
26 silly mapToRegistry   type: 'tag' }
27 silly mapToRegistry uri https://registry.npmjs.org/react-widget-starter
28 verbose publish registryBase https://registry.npmjs.org/
29 silly publish uploading /Users/ablosser/.npm/react-widget-starter/0.1.1/package.tgz
30 verbose request uri https://registry.npmjs.org/react-widget-starter
31 verbose request sending authorization for write operation
32 info attempt registry request try #1 at 9:03:09 AM
33 verbose request using bearer token for auth
34 verbose request id 86f0bb0633bdb295
35 http request PUT https://registry.npmjs.org/react-widget-starter
36 http 403 https://registry.npmjs.org/react-widget-starter
37 verbose headers { 'content-type': 'application/json',
37 verbose headers   'cache-control': 'max-age=300',
37 verbose headers   'content-length': '95',
37 verbose headers   'accept-ranges': 'bytes',
37 verbose headers   date: 'Wed, 24 May 2017 13:03:09 GMT',
37 verbose headers   via: '1.1 varnish',
37 verbose headers   connection: 'keep-alive',
37 verbose headers   'x-served-by': 'cache-ord1722-ORD',
37 verbose headers   'x-cache': 'MISS',
37 verbose headers   'x-cache-hits': '0',
37 verbose headers   'x-timer': 'S1495630989.419700,VS0,VE551',
37 verbose headers   vary: 'Accept-Encoding' }
38 verbose request invalidating /Users/ablosser/.npm/registry.npmjs.org/react-widget-starter on PUT
39 error publish Failed PUT 403
40 verbose stack Error: "You cannot publish over the previously published version 0.1.1." : react-widget-starter
40 verbose stack     at makeError (/usr/local/lib/node_modules/npm/node_modules/npm-registry-client/lib/request.js:264:12)
40 verbose stack     at CachingRegistryClient.<anonymous> (/usr/local/lib/node_modules/npm/node_modules/npm-registry-client/lib/request.js:252:14)
40 verbose stack     at Request._callback (/usr/local/lib/node_modules/npm/node_modules/npm-registry-client/lib/request.js:172:14)
40 verbose stack     at Request.self.callback (/usr/local/lib/node_modules/npm/node_modules/request/request.js:200:22)
40 verbose stack     at emitTwo (events.js:106:13)
40 verbose stack     at Request.emit (events.js:191:7)
40 verbose stack     at Request.<anonymous> (/usr/local/lib/node_modules/npm/node_modules/request/request.js:1067:10)
40 verbose stack     at emitOne (events.js:101:20)
40 verbose stack     at Request.emit (events.js:188:7)
40 verbose stack     at IncomingMessage.<anonymous> (/usr/local/lib/node_modules/npm/node_modules/request/request.js:988:12)
41 verbose statusCode 403
42 verbose pkgid react-widget-starter
43 verbose cwd /Users/ablosser/Sites/Work/react-widget-starter
44 error Darwin 16.3.0
45 error argv "/usr/local/bin/node" "/usr/local/bin/npm" "publish"
46 error node v6.2.2
47 error npm  v3.10.6
48 error code E403
49 error "You cannot publish over the previously published version 0.1.1." : react-widget-starter
50 error If you need help, you may report this error at:
50 error     <https://github.com/npm/npm/issues>
51 verbose exit [ 1, true ]
